<?xml version="1.0" encoding="UTF-8"?>
<testsuites>
  <testsuite name="CodeIgniter Application Test Suite" tests="19" assertions="35" failures="0" errors="0" time="1.298141">
    <testsuite name="Home_test" file="C:\xampp\htdocs\futsal\kppl_futsalin\application\tests\controllers\Home_test.php" fullPackage="Home" tests="2" assertions="3" failures="0" errors="0" time="0.094464">
      <testcase name="test_index" class="Home_test" file="C:\xampp\htdocs\futsal\kppl_futsalin\application\tests\controllers\Home_test.php" line="4" assertions="1" time="0.057008"/>
      <testcase name="test_index_bukansessionnya" class="Home_test" file="C:\xampp\htdocs\futsal\kppl_futsalin\application\tests\controllers\Home_test.php" line="11" assertions="2" time="0.037456"/>
    </testsuite>
    <testsuite name="Login_test" file="C:\xampp\htdocs\futsal\kppl_futsalin\application\tests\controllers\Login_test.php" fullPackage="Login" tests="12" assertions="23" failures="0" errors="0" time="0.543417">
      <testcase name="test_index" class="Login_test" file="C:\xampp\htdocs\futsal\kppl_futsalin\application\tests\controllers\Login_test.php" line="6" assertions="1" time="0.038467"/>
      <testcase name="test_aksi_login" class="Login_test" file="C:\xampp\htdocs\futsal\kppl_futsalin\application\tests\controllers\Login_test.php" line="12" assertions="2" time="0.052821"/>
      <testcase name="test_aksi_login_bukanuser" class="Login_test" file="C:\xampp\htdocs\futsal\kppl_futsalin\application\tests\controllers\Login_test.php" line="22" assertions="2" time="0.040914"/>
      <testcase name="test_aksi_login_userbenar" class="Login_test" file="C:\xampp\htdocs\futsal\kppl_futsalin\application\tests\controllers\Login_test.php" line="34" assertions="2" time="0.039482"/>
      <testcase name="test_aksi_login_usersalah" class="Login_test" file="C:\xampp\htdocs\futsal\kppl_futsalin\application\tests\controllers\Login_test.php" line="46" assertions="2" time="0.041281"/>
      <testcase name="test_aksi_login_kosong" class="Login_test" file="C:\xampp\htdocs\futsal\kppl_futsalin\application\tests\controllers\Login_test.php" line="58" assertions="2" time="0.039183"/>
      <testcase name="test_aksi_login_userisibenar" class="Login_test" file="C:\xampp\htdocs\futsal\kppl_futsalin\application\tests\controllers\Login_test.php" line="71" assertions="2" time="0.039803"/>
      <testcase name="test_aksi_login_userisisalah" class="Login_test" file="C:\xampp\htdocs\futsal\kppl_futsalin\application\tests\controllers\Login_test.php" line="84" assertions="2" time="0.038809"/>
      <testcase name="test_aksi_login_passwdisibenar" class="Login_test" file="C:\xampp\htdocs\futsal\kppl_futsalin\application\tests\controllers\Login_test.php" line="97" assertions="2" time="0.039734"/>
      <testcase name="test_aksi_login_passwdisisalah" class="Login_test" file="C:\xampp\htdocs\futsal\kppl_futsalin\application\tests\controllers\Login_test.php" line="110" assertions="2" time="0.039042"/>
      <testcase name="test_authenticate_ada_session" class="Login_test" file="C:\xampp\htdocs\futsal\kppl_futsalin\application\tests\controllers\Login_test.php" line="123" assertions="2" time="0.066970"/>
      <testcase name="test_authenticate_no_session" class="Login_test" file="C:\xampp\htdocs\futsal\kppl_futsalin\application\tests\controllers\Login_test.php" line="134" assertions="2" time="0.066911"/>
    </testsuite>
    <testsuite name="Logout_test" file="C:\xampp\htdocs\futsal\kppl_futsalin\application\tests\controllers\Logout_test.php" fullPackage="Logout" tests="1" assertions="3" failures="0" errors="0" time="0.034689">
      <testcase name="test_index" class="Logout_test" file="C:\xampp\htdocs\futsal\kppl_futsalin\application\tests\controllers\Logout_test.php" line="4" assertions="3" time="0.034689"/>
    </testsuite>
    <testsuite name="Profil_test" file="C:\xampp\htdocs\futsal\kppl_futsalin\application\tests\controllers\Profil_test.php" fullPackage="Profil" tests="4" assertions="6" failures="0" errors="0" time="0.625572">
      <testcase name="test_index" class="Profil_test" file="C:\xampp\htdocs\futsal\kppl_futsalin\application\tests\controllers\Profil_test.php" line="15" assertions="1" time="0.074163"/>
      <testcase name="test_index_notlogged" class="Profil_test" file="C:\xampp\htdocs\futsal\kppl_futsalin\application\tests\controllers\Profil_test.php" line="22" assertions="2" time="0.061333"/>
      <testcase name="test_edit_profil" class="Profil_test" file="C:\xampp\htdocs\futsal\kppl_futsalin\application\tests\controllers\Profil_test.php" line="28" assertions="1" time="0.170180"/>
      <testcase name="test_edit_profil_nouploadfalse" class="Profil_test" file="C:\xampp\htdocs\futsal\kppl_futsalin\application\tests\controllers\Profil_test.php" line="85" assertions="2" time="0.319896"/>
    </testsuite>
  </testsuite>
</testsuites>
