<?xml version="1.0" encoding="UTF-8"?>
<testsuites>
  <testsuite name="CodeIgniter Application Test Suite" tests="9" assertions="10" failures="5" errors="1" time="1.291710">
    <testsuite name="Authen_test" file="D:\ITS\SI\sem5\kppl\kppl_futsalin\application\tests\controllers\Authen_test.php" fullPackage="Authen" tests="1" assertions="1" failures="1" errors="0" time="0.335116">
      <testcase name="test_index" class="Authen_test" file="D:\ITS\SI\sem5\kppl\kppl_futsalin\application\tests\controllers\Authen_test.php" line="4" assertions="1" time="0.335116">
        <failure type="PHPUnit_Framework_ExpectationFailedException">Authen_test::test_index
URL to redirect is not Redirect to http://localhost/kppllap/index.php/Home but Redirect to http://localhost/kppllap/index.php/Login.
Failed asserting that two strings are identical.
--- Expected
+++ Actual
@@ @@
-Redirect to http://localhost/kppllap/index.php/Home
+Redirect to http://localhost/kppllap/index.php/Login

C:\xampp\htdocs\kppllap\application\tests\_ci_phpunit_test\CIPHPUnitTestCase.php:426
D:\ITS\SI\sem5\kppl\kppl_futsalin\application\tests\controllers\Authen_test.php:7
</failure>
      </testcase>
    </testsuite>
    <testsuite name="Home_test" file="D:\ITS\SI\sem5\kppl\kppl_futsalin\application\tests\controllers\Home_test.php" fullPackage="Home" tests="1" assertions="0" failures="0" errors="1" time="0.044741">
      <testcase name="test_index" class="Home_test" file="D:\ITS\SI\sem5\kppl\kppl_futsalin\application\tests\controllers\Home_test.php" line="4" assertions="0" time="0.044741">
        <error type="PHPUnit_Framework_Exception">Home_test::test_index
PHPUnit_Framework_Exception: Argument #2 of PHPUnit_Framework_Assert::assertContains() must be a array, iterator or string

D:\ITS\SI\sem5\kppl\kppl_futsalin\application\tests\controllers\Home_test.php:7
</error>
      </testcase>
    </testsuite>
    <testsuite name="Login_test" file="D:\ITS\SI\sem5\kppl\kppl_futsalin\application\tests\controllers\Login_test.php" fullPackage="Login" tests="4" assertions="6" failures="3" errors="0" time="0.354527">
      <testcase name="test_index" class="Login_test" file="D:\ITS\SI\sem5\kppl\kppl_futsalin\application\tests\controllers\Login_test.php" line="4" assertions="1" time="0.114442">
        <failure type="PHPUnit_Framework_ExpectationFailedException">Login_test::test_index
Failed asserting that '&lt;!DOCTYPE html&gt;
&lt;html&gt;
&lt;head&gt;
	&lt;title&gt;Futsal.in : Log In&lt;/title&gt;
 &lt;link href=http://localhost/kppllap/assets/css/bootstrap.css rel="stylesheet"&gt;

    &lt;!-- Custom styles for this template --&gt;
    &lt;link href=http://localhost/kppllap/assets/css/style.css rel="stylesheet"&gt;
    &lt;link href=http://localhost/kppllap/assets/css/font-awesome.min.css rel="stylesheet"&gt;


    &lt;!-- Just for debugging purposes. Don't actually copy this line! --&gt;
    &lt;!--[if lt IE 9]&gt;&lt;script src=http://localhost/kppllap/../../assets/js/ie8-responsive-file-warning.js&gt;&lt;/script&gt;&lt;![endif]--&gt;

    &lt;!-- HTML5 shim and Respond.js IE8 support of HTML5 elements and media queries --&gt;
    &lt;!--[if lt IE 9]&gt;
      &lt;script src="https://oss.maxcdn.com/libs/html5shiv/3.7.0/html5shiv.js"&gt;&lt;/script&gt;
      &lt;script src="https://oss.maxcdn.com/libs/respond.js/1.4.2/respond.min.js"&gt;&lt;/script&gt;
    &lt;![endif]--&gt;
    
    &lt;script src=http://localhost/kppllap/assets/js/modernizr.js&gt;&lt;/script&gt;
  &lt;/head&gt;

  &lt;body&gt;

    &lt;!-- Fixed navbar --&gt;
    &lt;!--&lt;div class="navbar navbar-default navbar-fixed-top" role="navigation"&gt;
      &lt;div class="container"&gt;
        &lt;div class="navbar-header"&gt;
          &lt;button type="button" class="navbar-toggle" data-toggle="collapse" data-target=".navbar-collapse"&gt;
            &lt;span class="sr-only"&gt;Toggle navigation&lt;/span&gt;
            &lt;span class="icon-bar"&gt;&lt;/span&gt;
            &lt;span class="icon-bar"&gt;&lt;/span&gt;
            &lt;span class="icon-bar"&gt;&lt;/span&gt;
          &lt;/button&gt;
      
        &lt;/div&gt;
       
      &lt;/div&gt;
    &lt;/div&gt; --&gt;

	&lt;!-- *****************************************************************************************************************
	 HEADERWRAP
	 ***************************************************************************************************************** --&gt;
	&lt;div id="headerwrap"&gt;
	    &lt;div class="container"&gt;
			&lt;div class="row"&gt;
				&lt;div class="col-lg-8 col-lg-offset-2"&gt;
					&lt;h1&gt;&lt;img src=http://localhost/kppllap/assets/img/futsalin.png&gt;&lt;/h1&gt;
					
				&lt;/div&gt;
				 &lt;div class="grid" style="width:50%; margin: 0 auto;"&gt;
    &lt;h1 style="color: white; text-align: center;"&gt;Log In&lt;/h1&gt;
        &lt;form action="http://localhost/kppllap/index.php/Login/aksi_login" method="POST" class="form login"&gt;
        
          
&lt;div class="row"&gt;
                	&lt;div class="col-md-4 col-xs-4"&gt;
                    &lt;h4 style="color: white; text-align: center ;"&gt;&lt;strong&gt;Username&lt;/strong&gt;&lt;/h4&gt;
                    &lt;/div&gt; 

                    &lt;div class="col-md-4 col-xs-4 form-group"&gt;

                       &lt;input name="username" class="form-control " type="text" placeholder="username" required&gt;
                    &lt;/div&gt; 
                &lt;/div&gt;
&lt;/br&gt; 
                &lt;div class="row"&gt;
                	&lt;div class="col-md-4 col-xs-4"&gt;
                     &lt;h4 style="color: white; text-align: center;"&gt;&lt;strong&gt;Password&lt;/strong&gt;&lt;/h4&gt;
                    &lt;/div&gt;
                    &lt;div class="col-md-4 col-xs-4 form-group"&gt;
                       &lt;input name="password" class="form-control " type="password" placeholder="password" required&gt;
                    &lt;/div&gt; 
                &lt;/div&gt;
                &lt;input name="submit" class="btn btn-sub" type="submit" value="Login"&gt;
        &lt;/form&gt;
&lt;div&gt;&lt;/div&gt;
		 
		&lt;/div&gt;
    &lt;/div&gt;
    
			&lt;/div&gt;&lt;!-- /row --&gt;
	    &lt;/div&gt; &lt;!-- /container --&gt;
	&lt;/div&gt;&lt;!-- /headerwrap --&gt;

    &lt;link rel="stylesheet" href="http://localhost/kppllap/assets/css/login-style.css" type="text/css"&gt;

    &lt;meta charset="utf-8"&gt;
    &lt;meta name="robots" content="all,follow"&gt;
    &lt;meta name="googlebot" content="index,follow,snippet,archive"&gt;
    &lt;meta name="viewport" content="width=device-width, initial-scale=1"&gt;

    &lt;title&gt;Universal - All In 1 Template&lt;/title&gt;

    &lt;meta name="keywords" content=""&gt;

    &lt;link href='http://fonts.googleapis.com/css?family=Roboto:400,100,100italic,300,300italic,500,700,800' rel='stylesheet' type='text/css'&gt;

    &lt;!-- Bootstrap and Font Awesome css --&gt;
    &lt;link rel="stylesheet" href="http://maxcdn.bootstrapcdn.com/font-awesome/4.3.0/css/font-awesome.min.css"&gt;
    &lt;link rel="stylesheet" href="http://maxcdn.bootstrapcdn.com/bootstrap/3.3.2/css/bootstrap.min.css"&gt;

    &lt;!-- Css animations  --&gt;
    &lt;link href=http://localhost/kppllap/css/animate.css` rel="stylesheet"&gt;

    &lt;!-- Theme stylesheet, if possible do not edit this stylesheet --&gt;
    &lt;link href=http://localhost/kppllap/css/style.default.css rel="stylesheet" id="theme-stylesheet"&gt;

    &lt;!-- Custom stylesheet - for your changes --&gt;
    &lt;link href=http://localhost/kppllap/css/custom.css rel="stylesheet"&gt;

   &lt;body&gt;
 &lt;div id="footerwrap"&gt;
    &lt;div class="container"&gt;
      &lt;div class="row"&gt;
        &lt;div class="col-lg-4"&gt;
          &lt;h4&gt;About&lt;/h4&gt;
          &lt;div class="hline-w"&gt;&lt;/div&gt;
          &lt;p&gt;Website ini didirikan pada tahun 2017 oleh Tim Mahasiswa Sistem Informasi,
 ITS Surabaya.&lt;/p&gt;
        &lt;/div&gt;
        &lt;div class="col-lg-4"&gt;
          &lt;h4&gt;Social Links&lt;/h4&gt;
          &lt;div class="hline-w"&gt;&lt;/div&gt;
          &lt;p&gt;
            &lt;a href="www.google.com"&gt;&lt;i class="fa fa-dribbble"&gt;&lt;/i&gt;&lt;/a&gt;
            &lt;a href="www.facebook.com"&gt;&lt;i class="fa fa-facebook"&gt;&lt;/i&gt;&lt;/a&gt;
            &lt;a href="www.twitter.com"&gt;&lt;i class="fa fa-twitter"&gt;&lt;/i&gt;&lt;/a&gt;
            &lt;a href="www.instagram.com"&gt;&lt;i class="fa fa-instagram"&gt;&lt;/i&gt;&lt;/a&gt;
            &lt;a href="www.tumblr.com"&gt;&lt;i class="fa fa-tumblr"&gt;&lt;/i&gt;&lt;/a&gt;
          &lt;/p&gt;
        &lt;/div&gt;
        &lt;div class="col-lg-4"&gt;
          &lt;h4&gt;Our Bunker&lt;/h4&gt;
          &lt;div class="hline-w"&gt;&lt;/div&gt;
          &lt;p&gt;
            Jalan Raya ITS,&lt;br/&gt;
            Gedung Sistem Informasi&lt;br/&gt;
            Sukolilo, Keputih, 60111&lt;br/&gt;
          &lt;/p&gt;
        &lt;/div&gt;
      
      &lt;/div&gt;&lt;! --/row --&gt;
    &lt;/div&gt;&lt;! --/container --&gt;
   &lt;/div&gt;&lt;! --/footerwrap --&gt;
&lt;div id="footerwrap2"&gt;
    
   &lt;/div&gt;&lt;! --/footerwrap --&gt;

  

&lt;/body&gt;
&lt;/html&gt;' contains "Booking".

D:\ITS\SI\sem5\kppl\kppl_futsalin\application\tests\controllers\Login_test.php:7
</failure>
      </testcase>
      <testcase name="test_aksi_login" class="Login_test" file="D:\ITS\SI\sem5\kppl\kppl_futsalin\application\tests\controllers\Login_test.php" line="9" assertions="1" time="0.057809">
        <failure type="PHPUnit_Framework_ExpectationFailedException">Login_test::test_aksi_login
URL to redirect is not Redirect to http://localhost/kppllap/index.php/Authen but Redirect to http://localhost/kppllap/index.php/Login.
Failed asserting that two strings are identical.
--- Expected
+++ Actual
@@ @@
-Redirect to http://localhost/kppllap/index.php/Authen
+Redirect to http://localhost/kppllap/index.php/Login

C:\xampp\htdocs\kppllap\application\tests\_ci_phpunit_test\CIPHPUnitTestCase.php:426
D:\ITS\SI\sem5\kppl\kppl_futsalin\application\tests\controllers\Login_test.php:15
</failure>
      </testcase>
      <testcase name="test_aksi_login_bukanuser" class="Login_test" file="D:\ITS\SI\sem5\kppl\kppl_futsalin\application\tests\controllers\Login_test.php" line="18" assertions="1" time="0.031056"/>
      <testcase name="test_keluar" class="Login_test" file="D:\ITS\SI\sem5\kppl\kppl_futsalin\application\tests\controllers\Login_test.php" line="27" assertions="3" time="0.151220">
        <failure type="PHPUnit_Framework_ExpectationFailedException">Login_test::test_keluar
Failed asserting that true is false.

D:\ITS\SI\sem5\kppl\kppl_futsalin\application\tests\controllers\Login_test.php:34
</failure>
      </testcase>
    </testsuite>
    <testsuite name="Welcome_test" file="D:\ITS\SI\sem5\kppl\kppl_futsalin\application\tests\controllers\Welcome_test.php" fullPackage="Welcome" tests="3" assertions="3" failures="1" errors="0" time="0.557327">
      <testcase name="test_index" class="Welcome_test" file="D:\ITS\SI\sem5\kppl\kppl_futsalin\application\tests\controllers\Welcome_test.php" line="13" assertions="1" time="0.029087">
        <failure type="PHPUnit_Framework_ExpectationFailedException">Welcome_test::test_index
Failed asserting that 'Welcome/index is not found' contains "&lt;title&gt;Welcome to CodeIgniter&lt;/title&gt;".

D:\ITS\SI\sem5\kppl\kppl_futsalin\application\tests\controllers\Welcome_test.php:16
</failure>
      </testcase>
      <testcase name="test_method_404" class="Welcome_test" file="D:\ITS\SI\sem5\kppl\kppl_futsalin\application\tests\controllers\Welcome_test.php" line="19" assertions="1" time="0.026077"/>
      <testcase name="test_APPPATH" class="Welcome_test" file="D:\ITS\SI\sem5\kppl\kppl_futsalin\application\tests\controllers\Welcome_test.php" line="25" assertions="1" time="0.502163"/>
    </testsuite>
  </testsuite>
</testsuites>
