<?xml version="1.0" encoding="UTF-8"?>
<testsuites>
  <testsuite name="CodeIgniter Application Test Suite" tests="3" assertions="3" failures="1" errors="0" time="0.089910">
    <testsuite name="Welcome_test" file="C:\xampp\htdocs\kppllap\application\tests\controllers\Welcome_test.php" fullPackage="Welcome" tests="3" assertions="3" failures="1" errors="0" time="0.089910">
      <testcase name="test_index" class="Welcome_test" file="C:\xampp\htdocs\kppllap\application\tests\controllers\Welcome_test.php" line="13" assertions="1" time="0.040736">
        <failure type="PHPUnit_Framework_ExpectationFailedException">Welcome_test::test_index
Failed asserting that 'Welcome/index is not found' contains "&lt;title&gt;Welcome to CodeIgniter&lt;/title&gt;".

C:\xampp\htdocs\kppllap\application\tests\controllers\Welcome_test.php:16
</failure>
      </testcase>
      <testcase name="test_method_404" class="Welcome_test" file="C:\xampp\htdocs\kppllap\application\tests\controllers\Welcome_test.php" line="19" assertions="1" time="0.031276"/>
      <testcase name="test_APPPATH" class="Welcome_test" file="C:\xampp\htdocs\kppllap\application\tests\controllers\Welcome_test.php" line="25" assertions="1" time="0.017898"/>
    </testsuite>
  </testsuite>
</testsuites>
