<?xml version="1.0" encoding="UTF-8"?>
<testsuites>
  <testsuite name="CodeIgniter Application Test Suite" tests="15" assertions="29" failures="0" errors="0" time="0.501683">
    <testsuite name="Home_test" file="C:\xampp\htdocs\kppl_futsalin\application\tests\controllers\Home_test.php" fullPackage="Home" tests="2" assertions="3" failures="0" errors="0" time="0.080478">
      <testcase name="test_index" class="Home_test" file="C:\xampp\htdocs\kppl_futsalin\application\tests\controllers\Home_test.php" line="4" assertions="1" time="0.052126"/>
      <testcase name="test_index_bukansessionnya" class="Home_test" file="C:\xampp\htdocs\kppl_futsalin\application\tests\controllers\Home_test.php" line="11" assertions="2" time="0.028352"/>
    </testsuite>
    <testsuite name="Login_test" file="C:\xampp\htdocs\kppl_futsalin\application\tests\controllers\Login_test.php" fullPackage="Login" tests="12" assertions="23" failures="0" errors="0" time="0.397279">
      <testcase name="test_index" class="Login_test" file="C:\xampp\htdocs\kppl_futsalin\application\tests\controllers\Login_test.php" line="6" assertions="1" time="0.038266"/>
      <testcase name="test_aksi_login" class="Login_test" file="C:\xampp\htdocs\kppl_futsalin\application\tests\controllers\Login_test.php" line="12" assertions="2" time="0.047561"/>
      <testcase name="test_aksi_login_bukanuser" class="Login_test" file="C:\xampp\htdocs\kppl_futsalin\application\tests\controllers\Login_test.php" line="22" assertions="2" time="0.025211"/>
      <testcase name="test_aksi_login_userbenar" class="Login_test" file="C:\xampp\htdocs\kppl_futsalin\application\tests\controllers\Login_test.php" line="34" assertions="2" time="0.025208"/>
      <testcase name="test_aksi_login_usersalah" class="Login_test" file="C:\xampp\htdocs\kppl_futsalin\application\tests\controllers\Login_test.php" line="46" assertions="2" time="0.025379"/>
      <testcase name="test_aksi_login_kosong" class="Login_test" file="C:\xampp\htdocs\kppl_futsalin\application\tests\controllers\Login_test.php" line="58" assertions="2" time="0.026035"/>
      <testcase name="test_aksi_login_userisibenar" class="Login_test" file="C:\xampp\htdocs\kppl_futsalin\application\tests\controllers\Login_test.php" line="71" assertions="2" time="0.024540"/>
      <testcase name="test_aksi_login_userisisalah" class="Login_test" file="C:\xampp\htdocs\kppl_futsalin\application\tests\controllers\Login_test.php" line="84" assertions="2" time="0.027223"/>
      <testcase name="test_aksi_login_passwdisibenar" class="Login_test" file="C:\xampp\htdocs\kppl_futsalin\application\tests\controllers\Login_test.php" line="97" assertions="2" time="0.025454"/>
      <testcase name="test_aksi_login_passwdisisalah" class="Login_test" file="C:\xampp\htdocs\kppl_futsalin\application\tests\controllers\Login_test.php" line="110" assertions="2" time="0.026804"/>
      <testcase name="test_authenticate_ada_session" class="Login_test" file="C:\xampp\htdocs\kppl_futsalin\application\tests\controllers\Login_test.php" line="123" assertions="2" time="0.059960"/>
      <testcase name="test_authenticate_no_session" class="Login_test" file="C:\xampp\htdocs\kppl_futsalin\application\tests\controllers\Login_test.php" line="134" assertions="2" time="0.045638"/>
    </testsuite>
    <testsuite name="Logout_test" file="C:\xampp\htdocs\kppl_futsalin\application\tests\controllers\Logout_test.php" fullPackage="Logout" tests="1" assertions="3" failures="0" errors="0" time="0.023926">
      <testcase name="test_index" class="Logout_test" file="C:\xampp\htdocs\kppl_futsalin\application\tests\controllers\Logout_test.php" line="4" assertions="3" time="0.023926"/>
    </testsuite>
  </testsuite>
</testsuites>
