<?xml version="1.0" encoding="UTF-8"?>
<testsuites>
  <testsuite name="CodeIgniter Application Test Suite" tests="8" assertions="15" failures="0" errors="0" time="0.532435">
    <testsuite name="Home_test" file="C:\xampp\htdocs\futsal\kppl_futsalin\application\tests\controllers\Home_test.php" fullPackage="Home" tests="1" assertions="1" failures="0" errors="0" time="0.064993">
      <testcase name="test_index" class="Home_test" file="C:\xampp\htdocs\futsal\kppl_futsalin\application\tests\controllers\Home_test.php" line="4" assertions="1" time="0.064993"/>
    </testsuite>
    <testsuite name="Login_test" file="C:\xampp\htdocs\futsal\kppl_futsalin\application\tests\controllers\Login_test.php" fullPackage="Login" tests="6" assertions="11" failures="0" errors="0" time="0.412117">
      <testcase name="test_index" class="Login_test" file="C:\xampp\htdocs\futsal\kppl_futsalin\application\tests\controllers\Login_test.php" line="4" assertions="1" time="0.047001"/>
      <testcase name="test_aksi_login" class="Login_test" file="C:\xampp\htdocs\futsal\kppl_futsalin\application\tests\controllers\Login_test.php" line="10" assertions="2" time="0.068497"/>
      <testcase name="test_aksi_login_bukanuser" class="Login_test" file="C:\xampp\htdocs\futsal\kppl_futsalin\application\tests\controllers\Login_test.php" line="20" assertions="2" time="0.054462"/>
      <testcase name="test_aksi_login_kosong" class="Login_test" file="C:\xampp\htdocs\futsal\kppl_futsalin\application\tests\controllers\Login_test.php" line="32" assertions="2" time="0.057114"/>
      <testcase name="test_authenticate_ada_session" class="Login_test" file="C:\xampp\htdocs\futsal\kppl_futsalin\application\tests\controllers\Login_test.php" line="45" assertions="2" time="0.086885"/>
      <testcase name="test_authenticate_no_session" class="Login_test" file="C:\xampp\htdocs\futsal\kppl_futsalin\application\tests\controllers\Login_test.php" line="56" assertions="2" time="0.098158"/>
    </testsuite>
    <testsuite name="Logout_test" file="C:\xampp\htdocs\futsal\kppl_futsalin\application\tests\controllers\Logout_test.php" fullPackage="Logout" tests="1" assertions="3" failures="0" errors="0" time="0.055325">
      <testcase name="test_index" class="Logout_test" file="C:\xampp\htdocs\futsal\kppl_futsalin\application\tests\controllers\Logout_test.php" line="4" assertions="3" time="0.055325"/>
    </testsuite>
  </testsuite>
</testsuites>
